<component name="libraryTable">
  <library name="junit-4.12_a67479aa">
    <CLASSES>
      <root url="jar://$USER_HOME$/.cache/bazel/_bazel_xiaom/e68a64bc3cfed5bfac254a54be8285a3/external/junit/junit-4.12.jar!/" />
    </CLASSES>
    <JAVADOC />
    <SOURCES />
  </library>
</component>